Using pre-set license
Built from '2020.3/staging' branch; Version is '2020.3.24f1 (79c78de19888) revision 7980941'; Using compiler version '192528614'; Build Type 'Release'
OS: 'Windows 10  (10.0.19042) 64bit Professional' Language: 'ru' Physical Memory: 6081 MB
BatchMode: 1, IsHumanControllingUs: 0, StartBugReporterOnCrash: 0, Is64bit: 1, IsPro: 0

COMMAND LINE ARGUMENTS:
C:\Program Files\Unity\Hub\Editor\2020.3.24f1\Editor\Unity.exe
-adb2
-batchMode
-noUpm
-name
AssetImportWorker0
-projectPath
C:/Learning/Unity/noAddsWorking
-logFile
Logs/AssetImportWorker0.log
-srvPort
58828
Successfully changed project path to: C:/Learning/Unity/noAddsWorking
C:/Learning/Unity/noAddsWorking
Using Asset Import Pipeline V2.
Refreshing native plugins compatible for Editor in 50.56 ms, found 2 plugins.
Preloading 0 native plugins for Editor in 0.00 ms.
Initialize engine version: 2020.3.24f1 (79c78de19888)
[Subsystems] Discovering subsystems at path C:/Program Files/Unity/Hub/Editor/2020.3.24f1/Editor/Data/Resources/UnitySubsystems
[Subsystems] Discovering subsystems at path C:/Learning/Unity/noAddsWorking/Assets
GfxDevice: creating device client; threaded=0
Direct3D:
    Version:  Direct3D 11.0 [level 11.1]
    Renderer: NVIDIA GeForce GTX 1650 Ti (ID=0x1f95)
    Vendor:   
    VRAM:     3964 MB
    Driver:   30.0.14.9729
Initialize mono
Mono path[0] = 'C:/Program Files/Unity/Hub/Editor/2020.3.24f1/Editor/Data/Managed'
Mono path[1] = 'C:/Program Files/Unity/Hub/Editor/2020.3.24f1/Editor/Data/MonoBleedingEdge/lib/mono/unityjit'
Mono config path = 'C:/Program Files/Unity/Hub/Editor/2020.3.24f1/Editor/Data/MonoBleedingEdge/etc'
Using monoOptions --debugger-agent=transport=dt_socket,embedding=1,server=y,suspend=n,address=127.0.0.1:56996
Begin MonoManager ReloadAssembly
Registering precompiled unity dll's ...
Register platform support module: C:/Program Files/Unity/Hub/Editor/2020.3.24f1/Editor/Data/PlaybackEngines/WebGLSupport/UnityEditor.WebGL.Extensions.dll
Register platform support module: C:/Program Files/Unity/Hub/Editor/2020.3.24f1/Editor/Data/PlaybackEngines/WindowsStandaloneSupport/UnityEditor.WindowsStandalone.Extensions.dll
Registered in 0.003363 seconds.
Native extension for WindowsStandalone target not found
Native extension for WebGL target not found
Refreshing native plugins compatible for Editor in 51.00 ms, found 2 plugins.
Preloading 0 native plugins for Editor in 0.00 ms.
Mono: successfully reloaded assembly
- Completed reload, in  0.953 seconds
Domain Reload Profiling:
	ReloadAssembly (953ms)
		BeginReloadAssembly (110ms)
			ExecutionOrderSort (0ms)
			DisableScriptedObjects (0ms)
			BackupInstance (0ms)
			ReleaseScriptingObjects (0ms)
			CreateAndSetChildDomain (2ms)
		EndReloadAssembly (737ms)
			LoadAssemblies (105ms)
			RebuildTransferFunctionScriptingTraits (0ms)
			SetupTypeCache (208ms)
			ReleaseScriptCaches (0ms)
			RebuildScriptCaches (56ms)
			SetupLoadedEditorAssemblies (282ms)
				LogAssemblyErrors (0ms)
				InitializePlatformSupportModulesInManaged (9ms)
				SetLoadedEditorAssemblies (0ms)
				RefreshPlugins (51ms)
				BeforeProcessingInitializeOnLoad (28ms)
				ProcessInitializeOnLoadAttributes (132ms)
				ProcessInitializeOnLoadMethodAttributes (60ms)
				AfterProcessingInitializeOnLoad (0ms)
				EditorAssembliesLoaded (0ms)
			ExecutionOrderSort2 (0ms)
			AwakeInstancesAfterBackupRestoration (0ms)
Platform modules already initialized, skipping
Registering precompiled user dll's ...
Registered in 0.018481 seconds.
Begin MonoManager ReloadAssembly
Native extension for WindowsStandalone target not found
Native extension for WebGL target not found
Refreshing native plugins compatible for Editor in 1.27 ms, found 2 plugins.
Preloading 0 native plugins for Editor in 0.00 ms.
Mono: successfully reloaded assembly
- Completed reload, in  1.438 seconds
Domain Reload Profiling:
	ReloadAssembly (1439ms)
		BeginReloadAssembly (184ms)
			ExecutionOrderSort (0ms)
			DisableScriptedObjects (7ms)
			BackupInstance (0ms)
			ReleaseScriptingObjects (0ms)
			CreateAndSetChildDomain (25ms)
		EndReloadAssembly (1167ms)
			LoadAssemblies (170ms)
			RebuildTransferFunctionScriptingTraits (0ms)
			SetupTypeCache (347ms)
			ReleaseScriptCaches (1ms)
			RebuildScriptCaches (78ms)
			SetupLoadedEditorAssemblies (450ms)
				LogAssemblyErrors (0ms)
				InitializePlatformSupportModulesInManaged (7ms)
				SetLoadedEditorAssemblies (1ms)
				RefreshPlugins (1ms)
				BeforeProcessingInitializeOnLoad (115ms)
				ProcessInitializeOnLoadAttributes (303ms)
				ProcessInitializeOnLoadMethodAttributes (11ms)
				AfterProcessingInitializeOnLoad (11ms)
				EditorAssembliesLoaded (0ms)
			ExecutionOrderSort2 (0ms)
			AwakeInstancesAfterBackupRestoration (8ms)
Platform modules already initialized, skipping
========================================================================
Worker process is ready to serve import requests
Launched and connected shader compiler UnityShaderCompiler.exe after 0.10 seconds
Refreshing native plugins compatible for Editor in 0.43 ms, found 2 plugins.
Preloading 0 native plugins for Editor in 0.00 ms.
Unloading 1515 Unused Serialized files (Serialized files now loaded: 0)
System memory in use before: 69.3 MB.
System memory in use after: 69.4 MB.

Unloading 19 unused Assets to reduce memory usage. Loaded Objects now: 1949.
Total: 3.278200 ms (FindLiveObjects: 0.200600 ms CreateObjectMapping: 0.046600 ms MarkObjects: 2.934800 ms  DeleteObjects: 0.094800 ms)

AssetImportParameters requested are different than current active one (requested -> active):
  custom:framework-win-MediaFoundation: 216162199b28c13a410421893ffa2e32 -> 
  custom:video-decoder-ogg-theora: a1e56fd34408186e4bbccfd4996cb3dc -> 
  custom:container-muxer-webm: aa71ff27fc2769a1b78a27578f13a17b -> 
  custom:container-demuxer-webm: 4f35f7cbe854078d1ac9338744f61a02 -> 
  custom:container-demuxer-ogg: 62fdf1f143b41e24485cea50d1cbac27 -> 
  custom:video-encoder-webm-vp8: eb34c28f22e8b96e1ab97ce403110664 -> 
  custom:video-decoder-webm-vp8: 9c59270c3fd7afecdb556c50c9e8de78 -> 
  custom:audio-decoder-ogg-vorbis: bf7c407c2cedff20999df2af8eb42d56 -> 
  custom:audio-encoder-webm-vorbis: bf7c407c2cedff20999df2af8eb42d56 -> 
========================================================================
Received Import Request.
  path: Assets/Sprites/hand_1.png
  artifactKey: Guid(1edd9de35ab94154bbe884d2814766f7) Importer(815301076,1909f56bfc062723c751e8b465ee728b)
Start importing Assets/Sprites/hand_1.png using Guid(1edd9de35ab94154bbe884d2814766f7) Importer(815301076,1909f56bfc062723c751e8b465ee728b)  -> (artifact id: 'a9af8e5883e3739bf5299aa0569ed972') in 0.151354 seconds 
  Import took 0.156617 seconds .

========================================================================
Received Import Request.
  Time since last request: 0.000300 seconds.
  path: Assets/Sprites/Music On.png
  artifactKey: Guid(9f8bef9da79fc40849819a91ab16e4ed) Importer(815301076,1909f56bfc062723c751e8b465ee728b)
Start importing Assets/Sprites/Music On.png using Guid(9f8bef9da79fc40849819a91ab16e4ed) Importer(815301076,1909f56bfc062723c751e8b465ee728b)  -> (artifact id: '6a4be599118821f6d035e821d3818989') in 0.031732 seconds 
  Import took 0.038106 seconds .

========================================================================
Received Import Request.
  Time since last request: 0.000293 seconds.
  path: Assets/Sprites/restart.png
  artifactKey: Guid(9360fc1442a2b40c9b2c18d73e4cfa2e) Importer(815301076,1909f56bfc062723c751e8b465ee728b)
Start importing Assets/Sprites/restart.png using Guid(9360fc1442a2b40c9b2c18d73e4cfa2e) Importer(815301076,1909f56bfc062723c751e8b465ee728b)  -> (artifact id: '023c227f6b171ecbac306125038f0c2e') in 0.037803 seconds 
  Import took 0.042756 seconds .

========================================================================
Received Import Request.
  Time since last request: 0.000236 seconds.
  path: Assets/Sprites/fading.jpg
  artifactKey: Guid(68f380b74c8ed41bb9e2dbc0b85568d4) Importer(815301076,1909f56bfc062723c751e8b465ee728b)
Start importing Assets/Sprites/fading.jpg using Guid(68f380b74c8ed41bb9e2dbc0b85568d4) Importer(815301076,1909f56bfc062723c751e8b465ee728b)  -> (artifact id: '040bcb931466b5ba384b1431ffd6a545') in 0.032217 seconds 
  Import took 0.036499 seconds .

========================================================================
Received Import Request.
  Time since last request: 0.000568 seconds.
  path: Assets/Sprites/bubble.png
  artifactKey: Guid(d2a276bbd26714fa194fc7b0181a52f9) Importer(815301076,1909f56bfc062723c751e8b465ee728b)
Start importing Assets/Sprites/bubble.png using Guid(d2a276bbd26714fa194fc7b0181a52f9) Importer(815301076,1909f56bfc062723c751e8b465ee728b)  -> (artifact id: '7ab6f128f1982b1158de251c648f3a52') in 0.035864 seconds 
  Import took 0.040761 seconds .

========================================================================
Received Import Request.
  Time since last request: 0.000239 seconds.
  path: Assets/Sprites/Button Pressed.png
  artifactKey: Guid(f72bc21f0bb9d4e4d9ada03389042b0e) Importer(815301076,1909f56bfc062723c751e8b465ee728b)
Start importing Assets/Sprites/Button Pressed.png using Guid(f72bc21f0bb9d4e4d9ada03389042b0e) Importer(815301076,1909f56bfc062723c751e8b465ee728b)  -> (artifact id: 'd14b0c3222f9b6efe9df07de5af0ecda') in 0.027029 seconds 
  Import took 0.030789 seconds .

========================================================================
Received Import Request.
  Time since last request: 0.000277 seconds.
  path: Assets/Sprites/Button.png
  artifactKey: Guid(44e8792862ab04389b441cab71ba78ee) Importer(815301076,1909f56bfc062723c751e8b465ee728b)
Start importing Assets/Sprites/Button.png using Guid(44e8792862ab04389b441cab71ba78ee) Importer(815301076,1909f56bfc062723c751e8b465ee728b)  -> (artifact id: '844ba6668f38d047cb2f306b849b6fdc') in 0.024229 seconds 
  Import took 0.028671 seconds .

========================================================================
Received Import Request.
  Time since last request: 0.000233 seconds.
  path: Assets/Sprites/hand_2.png
  artifactKey: Guid(5984746e63fad1346a29b5ba414cf102) Importer(815301076,1909f56bfc062723c751e8b465ee728b)
Start importing Assets/Sprites/hand_2.png using Guid(5984746e63fad1346a29b5ba414cf102) Importer(815301076,1909f56bfc062723c751e8b465ee728b)  -> (artifact id: '23ada08c78eabe8d176efee2a64652d6') in 0.034683 seconds 
  Import took 0.038679 seconds .

========================================================================
Received Import Request.
  Time since last request: 0.000282 seconds.
  path: Assets/Sprites/coins.png
  artifactKey: Guid(f71b4787af87f4273afa4778df91f6cd) Importer(815301076,1909f56bfc062723c751e8b465ee728b)
Start importing Assets/Sprites/coins.png using Guid(f71b4787af87f4273afa4778df91f6cd) Importer(815301076,1909f56bfc062723c751e8b465ee728b)  -> (artifact id: 'bda142115c5978f366e2e2fe03452ab8') in 0.034674 seconds 
  Import took 0.037665 seconds .

========================================================================
Received Import Request.
  Time since last request: 0.000229 seconds.
  path: Assets/Sprites/no_time_slow.png
  artifactKey: Guid(1cfd92ccffa41b147ad0b368b1f27bd5) Importer(815301076,1909f56bfc062723c751e8b465ee728b)
Start importing Assets/Sprites/no_time_slow.png using Guid(1cfd92ccffa41b147ad0b368b1f27bd5) Importer(815301076,1909f56bfc062723c751e8b465ee728b)  -> (artifact id: '5a6404b3ff8f85e66703b1761aa7ae9e') in 0.047826 seconds 
  Import took 0.051326 seconds .

========================================================================
Received Import Request.
  Time since last request: 0.000215 seconds.
  path: Assets/Sprites/time_slow.png
  artifactKey: Guid(0cc11ef6120889f4f98a1ed61048a877) Importer(815301076,1909f56bfc062723c751e8b465ee728b)
Start importing Assets/Sprites/time_slow.png using Guid(0cc11ef6120889f4f98a1ed61048a877) Importer(815301076,1909f56bfc062723c751e8b465ee728b)  -> (artifact id: 'b1f47871595e107d3d51c904a2bf1a1f') in 0.038704 seconds 
  Import took 0.045570 seconds .

========================================================================
Received Import Request.
  Time since last request: 0.000217 seconds.
  path: Assets/Sprites/Play.png
  artifactKey: Guid(dbfee5381386a429e84f5b1e57c425a3) Importer(815301076,1909f56bfc062723c751e8b465ee728b)
Start importing Assets/Sprites/Play.png using Guid(dbfee5381386a429e84f5b1e57c425a3) Importer(815301076,1909f56bfc062723c751e8b465ee728b)  -> (artifact id: '6b271969c2747198e52d709e00d71dc7') in 0.028137 seconds 
  Import took 0.031426 seconds .

========================================================================
Received Import Request.
  Time since last request: 0.000233 seconds.
  path: Assets/Sprites/Store.png
  artifactKey: Guid(1f98975ad97594a018b9d0402e737f8d) Importer(815301076,1909f56bfc062723c751e8b465ee728b)
Start importing Assets/Sprites/Store.png using Guid(1f98975ad97594a018b9d0402e737f8d) Importer(815301076,1909f56bfc062723c751e8b465ee728b)  -> (artifact id: '1d575cf6174f31446b19fbb1c516bf07') in 0.026942 seconds 
  Import took 0.030293 seconds .

========================================================================
Received Import Request.
  Time since last request: 0.000235 seconds.
  path: Assets/Scripts/Study
  artifactKey: Guid(4452d6631fe924546abc7516ba403dce) Importer(815301076,1909f56bfc062723c751e8b465ee728b)
Start importing Assets/Scripts/Study using Guid(4452d6631fe924546abc7516ba403dce) Importer(815301076,1909f56bfc062723c751e8b465ee728b)  -> (artifact id: 'cdf307485ac3519b43baf7e24db471e2') in 0.011378 seconds 
  Import took 0.015590 seconds .

========================================================================
Received Import Request.
  Time since last request: 0.000266 seconds.
  path: Assets/Sprites/Signal Lights.png
  artifactKey: Guid(e8f5d9b3768e041358c2e844550d97f9) Importer(815301076,1909f56bfc062723c751e8b465ee728b)
Start importing Assets/Sprites/Signal Lights.png using Guid(e8f5d9b3768e041358c2e844550d97f9) Importer(815301076,1909f56bfc062723c751e8b465ee728b)  -> (artifact id: '92e279621f37b057e11d877e223d792e') in 0.037506 seconds 
  Import took 0.042543 seconds .

========================================================================
Received Import Request.
  Time since last request: 0.000257 seconds.
  path: Assets/Sprites/Music off.png
  artifactKey: Guid(39f7113007620498b8fe656680c9211a) Importer(815301076,1909f56bfc062723c751e8b465ee728b)
Start importing Assets/Sprites/Music off.png using Guid(39f7113007620498b8fe656680c9211a) Importer(815301076,1909f56bfc062723c751e8b465ee728b)  -> (artifact id: 'd5b41aa11ab02b21837c4ff0261e453e') in 0.026336 seconds 
  Import took 0.029882 seconds .

AssetImportWorkerClient::OnTransportError - code=2 error=End of file
